2024-07-04T21:22:13.098-03:00  INFO 7608 --- [library-api] [main] o.a.libraryapi.LibraryApiApplication     : Starting LibraryApiApplication using Java 21.0.3 with PID 7608 (C:\DevelopmentCompass\Spring\workspace\projeto com testes\library-api\target\classes started by giova in C:\DevelopmentCompass\Spring\workspace\projeto com testes\library-api)
2024-07-04T21:22:13.102-03:00  INFO 7608 --- [library-api] [main] o.a.libraryapi.LibraryApiApplication     : No active profile set, falling back to 1 default profile: "default"
2024-07-04T21:22:17.142-03:00  INFO 7608 --- [library-api] [main] .s.d.r.c.RepositoryConfigurationDelegate : Bootstrapping Spring Data JPA repositories in DEFAULT mode.
2024-07-04T21:22:17.307-03:00  INFO 7608 --- [library-api] [main] .s.d.r.c.RepositoryConfigurationDelegate : Finished Spring Data repository scanning in 147 ms. Found 2 JPA repository interfaces.
2024-07-04T21:22:19.229-03:00  INFO 7608 --- [library-api] [main] o.s.b.w.embedded.tomcat.TomcatWebServer  : Tomcat initialized with port 8080 (http)
2024-07-04T21:22:19.262-03:00  INFO 7608 --- [library-api] [main] o.apache.catalina.core.StandardService   : Starting service [Tomcat]
2024-07-04T21:22:19.263-03:00  INFO 7608 --- [library-api] [main] o.apache.catalina.core.StandardEngine    : Starting Servlet engine: [Apache Tomcat/10.1.25]
2024-07-04T21:22:19.421-03:00  INFO 7608 --- [library-api] [main] o.a.c.c.C.[Tomcat].[localhost].[/]       : Initializing Spring embedded WebApplicationContext
2024-07-04T21:22:19.422-03:00  INFO 7608 --- [library-api] [main] w.s.c.ServletWebServerApplicationContext : Root WebApplicationContext: initialization completed in 5792 ms
2024-07-04T21:22:20.443-03:00  INFO 7608 --- [library-api] [main] com.zaxxer.hikari.HikariDataSource       : HikariPool-1 - Starting...
2024-07-04T21:22:20.872-03:00  INFO 7608 --- [library-api] [main] com.zaxxer.hikari.pool.HikariPool        : HikariPool-1 - Added connection conn0: url=jdbc:h2:mem:fd2b10e5-2bc4-4aaa-abec-64c6c0f4f396 user=SA
2024-07-04T21:22:20.876-03:00  INFO 7608 --- [library-api] [main] com.zaxxer.hikari.HikariDataSource       : HikariPool-1 - Start completed.
2024-07-04T21:22:20.968-03:00  INFO 7608 --- [library-api] [main] o.hibernate.jpa.internal.util.LogHelper  : HHH000204: Processing PersistenceUnitInfo [name: default]
2024-07-04T21:22:21.106-03:00  INFO 7608 --- [library-api] [main] org.hibernate.Version                    : HHH000412: Hibernate ORM core version 6.5.2.Final
2024-07-04T21:22:21.180-03:00  INFO 7608 --- [library-api] [main] o.h.c.internal.RegionFactoryInitiator    : HHH000026: Second-level cache disabled
2024-07-04T21:22:21.848-03:00  INFO 7608 --- [library-api] [main] o.s.o.j.p.SpringPersistenceUnitInfo      : No LoadTimeWeaver setup: ignoring JPA class transformer
2024-07-04T21:22:24.110-03:00  INFO 7608 --- [library-api] [main] o.h.e.t.j.p.i.JtaPlatformInitiator       : HHH000489: No JTA platform available (set 'hibernate.transaction.jta.platform' to enable JTA platform integration)
2024-07-04T21:22:24.220-03:00  INFO 7608 --- [library-api] [main] j.LocalContainerEntityManagerFactoryBean : Initialized JPA EntityManagerFactory for persistence unit 'default'
2024-07-04T21:22:25.182-03:00  INFO 7608 --- [library-api] [main] o.s.d.j.r.query.QueryEnhancerFactory     : Hibernate is in classpath; If applicable, HQL parser will be used.
2024-07-04T21:22:27.168-03:00  WARN 7608 --- [library-api] [main] JpaBaseConfiguration$JpaWebConfiguration : spring.jpa.open-in-view is enabled by default. Therefore, database queries may be performed during view rendering. Explicitly configure spring.jpa.open-in-view to disable this warning
2024-07-04T21:22:29.730-03:00  INFO 7608 --- [library-api] [main] o.s.b.a.e.web.EndpointLinksResolver      : Exposing 15 endpoints beneath base path '/actuator'
2024-07-04T21:22:29.960-03:00  INFO 7608 --- [library-api] [main] o.s.b.w.embedded.tomcat.TomcatWebServer  : Tomcat started on port 8080 (http) with context path '/'
2024-07-04T21:22:29.997-03:00  INFO 7608 --- [library-api] [main] o.a.libraryapi.LibraryApiApplication     : Started LibraryApiApplication in 22.384 seconds (process running for 26.729)
2024-07-04T21:22:30.438-03:00  INFO 7608 --- [library-api] [RMI TCP Connection(3)-192.168.5.8] o.a.c.c.C.[Tomcat].[localhost].[/]       : Initializing Spring DispatcherServlet 'dispatcherServlet'
2024-07-04T21:22:30.439-03:00  INFO 7608 --- [library-api] [RMI TCP Connection(3)-192.168.5.8] o.s.web.servlet.DispatcherServlet        : Initializing Servlet 'dispatcherServlet'
2024-07-04T21:22:30.442-03:00  INFO 7608 --- [library-api] [RMI TCP Connection(3)-192.168.5.8] o.s.web.servlet.DispatcherServlet        : Completed initialization in 2 ms
2024-07-04T21:23:51.637-03:00  INFO 7608 --- [library-api] [SpringApplicationShutdownHook] j.LocalContainerEntityManagerFactoryBean : Closing JPA EntityManagerFactory for persistence unit 'default'
2024-07-04T21:23:51.720-03:00  INFO 7608 --- [library-api] [SpringApplicationShutdownHook] com.zaxxer.hikari.HikariDataSource       : HikariPool-1 - Shutdown initiated...
2024-07-04T21:23:51.930-03:00  INFO 7608 --- [library-api] [SpringApplicationShutdownHook] com.zaxxer.hikari.HikariDataSource       : HikariPool-1 - Shutdown completed.
2024-07-04T21:49:13.612-03:00  INFO 3184 --- [library-api] [main] o.a.libraryapi.LibraryApiApplication     : Starting LibraryApiApplication using Java 21.0.3 with PID 3184 (C:\DevelopmentCompass\Spring\workspace\projeto com testes\library-api\target\classes started by giova in C:\DevelopmentCompass\Spring\workspace\projeto com testes\library-api)
2024-07-04T21:49:13.617-03:00  INFO 3184 --- [library-api] [main] o.a.libraryapi.LibraryApiApplication     : No active profile set, falling back to 1 default profile: "default"
2024-07-04T21:49:16.944-03:00  INFO 3184 --- [library-api] [main] .s.d.r.c.RepositoryConfigurationDelegate : Bootstrapping Spring Data JPA repositories in DEFAULT mode.
2024-07-04T21:49:17.090-03:00  INFO 3184 --- [library-api] [main] .s.d.r.c.RepositoryConfigurationDelegate : Finished Spring Data repository scanning in 128 ms. Found 2 JPA repository interfaces.
2024-07-04T21:49:19.007-03:00  INFO 3184 --- [library-api] [main] o.s.b.w.embedded.tomcat.TomcatWebServer  : Tomcat initialized with port 8080 (http)
2024-07-04T21:49:19.039-03:00  INFO 3184 --- [library-api] [main] o.apache.catalina.core.StandardService   : Starting service [Tomcat]
2024-07-04T21:49:19.040-03:00  INFO 3184 --- [library-api] [main] o.apache.catalina.core.StandardEngine    : Starting Servlet engine: [Apache Tomcat/10.1.25]
2024-07-04T21:49:19.197-03:00  INFO 3184 --- [library-api] [main] o.a.c.c.C.[Tomcat].[localhost].[/]       : Initializing Spring embedded WebApplicationContext
2024-07-04T21:49:19.198-03:00  INFO 3184 --- [library-api] [main] w.s.c.ServletWebServerApplicationContext : Root WebApplicationContext: initialization completed in 5402 ms
2024-07-04T21:49:20.039-03:00  INFO 3184 --- [library-api] [main] com.zaxxer.hikari.HikariDataSource       : HikariPool-1 - Starting...
2024-07-04T21:49:20.578-03:00  INFO 3184 --- [library-api] [main] com.zaxxer.hikari.pool.HikariPool        : HikariPool-1 - Added connection conn0: url=jdbc:h2:mem:33de5de9-b770-443c-8746-b27f3a80fc1a user=SA
2024-07-04T21:49:20.587-03:00  INFO 3184 --- [library-api] [main] com.zaxxer.hikari.HikariDataSource       : HikariPool-1 - Start completed.
2024-07-04T21:49:20.750-03:00  INFO 3184 --- [library-api] [main] o.hibernate.jpa.internal.util.LogHelper  : HHH000204: Processing PersistenceUnitInfo [name: default]
2024-07-04T21:49:20.956-03:00  INFO 3184 --- [library-api] [main] org.hibernate.Version                    : HHH000412: Hibernate ORM core version 6.5.2.Final
2024-07-04T21:49:21.125-03:00  INFO 3184 --- [library-api] [main] o.h.c.internal.RegionFactoryInitiator    : HHH000026: Second-level cache disabled
2024-07-04T21:49:21.867-03:00  INFO 3184 --- [library-api] [main] o.s.o.j.p.SpringPersistenceUnitInfo      : No LoadTimeWeaver setup: ignoring JPA class transformer
2024-07-04T21:49:24.518-03:00  INFO 3184 --- [library-api] [main] o.h.e.t.j.p.i.JtaPlatformInitiator       : HHH000489: No JTA platform available (set 'hibernate.transaction.jta.platform' to enable JTA platform integration)
2024-07-04T21:49:24.663-03:00  INFO 3184 --- [library-api] [main] j.LocalContainerEntityManagerFactoryBean : Initialized JPA EntityManagerFactory for persistence unit 'default'
2024-07-04T21:49:25.767-03:00  INFO 3184 --- [library-api] [main] o.s.d.j.r.query.QueryEnhancerFactory     : Hibernate is in classpath; If applicable, HQL parser will be used.
2024-07-04T21:49:27.985-03:00  WARN 3184 --- [library-api] [main] JpaBaseConfiguration$JpaWebConfiguration : spring.jpa.open-in-view is enabled by default. Therefore, database queries may be performed during view rendering. Explicitly configure spring.jpa.open-in-view to disable this warning
2024-07-04T21:49:30.351-03:00  INFO 3184 --- [library-api] [main] o.s.b.a.e.web.EndpointLinksResolver      : Exposing 15 endpoints beneath base path '/actuator'
2024-07-04T21:49:30.600-03:00  INFO 3184 --- [library-api] [main] o.s.b.w.embedded.tomcat.TomcatWebServer  : Tomcat started on port 8080 (http) with context path '/'
2024-07-04T21:49:30.643-03:00  INFO 3184 --- [library-api] [main] o.a.libraryapi.LibraryApiApplication     : Started LibraryApiApplication in 18.29 seconds (process running for 20.721)
2024-07-04T21:50:09.245-03:00  INFO 3184 --- [library-api] [SpringApplicationShutdownHook] j.LocalContainerEntityManagerFactoryBean : Closing JPA EntityManagerFactory for persistence unit 'default'
2024-07-04T21:50:09.261-03:00  INFO 3184 --- [library-api] [SpringApplicationShutdownHook] com.zaxxer.hikari.HikariDataSource       : HikariPool-1 - Shutdown initiated...
2024-07-04T21:50:09.270-03:00  INFO 3184 --- [library-api] [SpringApplicationShutdownHook] com.zaxxer.hikari.HikariDataSource       : HikariPool-1 - Shutdown completed.
2024-07-04T21:50:47.150-03:00  INFO 14040 --- [library-api] [main] o.a.libraryapi.LibraryApiApplication     : Starting LibraryApiApplication using Java 21.0.3 with PID 14040 (C:\DevelopmentCompass\Spring\workspace\projeto com testes\library-api\target\classes started by giova in C:\DevelopmentCompass\Spring\workspace\projeto com testes\library-api)
2024-07-04T21:50:47.155-03:00  INFO 14040 --- [library-api] [main] o.a.libraryapi.LibraryApiApplication     : No active profile set, falling back to 1 default profile: "default"
2024-07-04T21:50:52.368-03:00  INFO 14040 --- [library-api] [main] .s.d.r.c.RepositoryConfigurationDelegate : Bootstrapping Spring Data JPA repositories in DEFAULT mode.
2024-07-04T21:50:52.507-03:00  INFO 14040 --- [library-api] [main] .s.d.r.c.RepositoryConfigurationDelegate : Finished Spring Data repository scanning in 125 ms. Found 2 JPA repository interfaces.
2024-07-04T21:50:54.017-03:00  INFO 14040 --- [library-api] [main] o.s.b.w.embedded.tomcat.TomcatWebServer  : Tomcat initialized with port 8080 (http)
2024-07-04T21:50:54.043-03:00  INFO 14040 --- [library-api] [main] o.apache.catalina.core.StandardService   : Starting service [Tomcat]
2024-07-04T21:50:54.043-03:00  INFO 14040 --- [library-api] [main] o.apache.catalina.core.StandardEngine    : Starting Servlet engine: [Apache Tomcat/10.1.25]
2024-07-04T21:50:54.187-03:00  INFO 14040 --- [library-api] [main] o.a.c.c.C.[Tomcat].[localhost].[/]       : Initializing Spring embedded WebApplicationContext
2024-07-04T21:50:54.188-03:00  INFO 14040 --- [library-api] [main] w.s.c.ServletWebServerApplicationContext : Root WebApplicationContext: initialization completed in 6867 ms
2024-07-04T21:50:54.927-03:00  INFO 14040 --- [library-api] [main] com.zaxxer.hikari.HikariDataSource       : HikariPool-1 - Starting...
2024-07-04T21:50:55.318-03:00  INFO 14040 --- [library-api] [main] com.zaxxer.hikari.pool.HikariPool        : HikariPool-1 - Added connection conn0: url=jdbc:h2:mem:1af31094-e7cc-4ef0-946c-f915c39eee33 user=SA
2024-07-04T21:50:55.323-03:00  INFO 14040 --- [library-api] [main] com.zaxxer.hikari.HikariDataSource       : HikariPool-1 - Start completed.
2024-07-04T21:50:55.420-03:00  INFO 14040 --- [library-api] [main] o.hibernate.jpa.internal.util.LogHelper  : HHH000204: Processing PersistenceUnitInfo [name: default]
2024-07-04T21:50:55.537-03:00  INFO 14040 --- [library-api] [main] org.hibernate.Version                    : HHH000412: Hibernate ORM core version 6.5.2.Final
2024-07-04T21:50:55.611-03:00  INFO 14040 --- [library-api] [main] o.h.c.internal.RegionFactoryInitiator    : HHH000026: Second-level cache disabled
2024-07-04T21:50:56.192-03:00  INFO 14040 --- [library-api] [main] o.s.o.j.p.SpringPersistenceUnitInfo      : No LoadTimeWeaver setup: ignoring JPA class transformer
2024-07-04T21:50:58.235-03:00  INFO 14040 --- [library-api] [main] o.h.e.t.j.p.i.JtaPlatformInitiator       : HHH000489: No JTA platform available (set 'hibernate.transaction.jta.platform' to enable JTA platform integration)
2024-07-04T21:50:58.330-03:00  INFO 14040 --- [library-api] [main] j.LocalContainerEntityManagerFactoryBean : Initialized JPA EntityManagerFactory for persistence unit 'default'
2024-07-04T21:50:59.349-03:00  INFO 14040 --- [library-api] [main] o.s.d.j.r.query.QueryEnhancerFactory     : Hibernate is in classpath; If applicable, HQL parser will be used.
2024-07-04T21:51:01.475-03:00  WARN 14040 --- [library-api] [main] JpaBaseConfiguration$JpaWebConfiguration : spring.jpa.open-in-view is enabled by default. Therefore, database queries may be performed during view rendering. Explicitly configure spring.jpa.open-in-view to disable this warning
2024-07-04T21:51:04.519-03:00  INFO 14040 --- [library-api] [main] o.s.b.a.e.web.EndpointLinksResolver      : Exposing 15 endpoints beneath base path '/actuator'
2024-07-04T21:51:04.870-03:00  INFO 14040 --- [library-api] [main] o.s.b.w.embedded.tomcat.TomcatWebServer  : Tomcat started on port 8080 (http) with context path '/'
2024-07-04T21:51:04.909-03:00  INFO 14040 --- [library-api] [main] o.a.libraryapi.LibraryApiApplication     : Started LibraryApiApplication in 18.735 seconds (process running for 20.369)
2024-07-04T21:51:05.391-03:00  WARN 14040 --- [library-api] [registrationTask1] d.c.b.a.c.r.ApplicationRegistrator       : Failed to register application as Application(name=library-api, managementUrl=http://giovani:8080/actuator, healthUrl=http://giovani:8080/actuator/health, serviceUrl=http://giovani:8080/) at spring-boot-admin ([http://localhost:8081//instances]): 404 Not Found: "{"timestamp":"2024-07-05T00:51:05.340+00:00","path":"/instances","status":404,"error":"Not Found","requestId":"2a96643e-4"}". Further attempts are logged on DEBUG level
2024-07-04T21:55:31.528-03:00  INFO 14040 --- [library-api] [SpringApplicationShutdownHook] j.LocalContainerEntityManagerFactoryBean : Closing JPA EntityManagerFactory for persistence unit 'default'
2024-07-04T21:55:31.543-03:00  INFO 14040 --- [library-api] [SpringApplicationShutdownHook] com.zaxxer.hikari.HikariDataSource       : HikariPool-1 - Shutdown initiated...
2024-07-04T21:55:31.554-03:00  INFO 14040 --- [library-api] [SpringApplicationShutdownHook] com.zaxxer.hikari.HikariDataSource       : HikariPool-1 - Shutdown completed.
2024-07-04T21:55:38.074-03:00  INFO 7900 --- [library-api] [main] o.a.libraryapi.LibraryApiApplication     : Starting LibraryApiApplication using Java 21.0.3 with PID 7900 (C:\DevelopmentCompass\Spring\workspace\projeto com testes\library-api\target\classes started by giova in C:\DevelopmentCompass\Spring\workspace\projeto com testes\library-api)
2024-07-04T21:55:38.079-03:00  INFO 7900 --- [library-api] [main] o.a.libraryapi.LibraryApiApplication     : No active profile set, falling back to 1 default profile: "default"
2024-07-04T21:55:40.813-03:00  INFO 7900 --- [library-api] [main] .s.d.r.c.RepositoryConfigurationDelegate : Bootstrapping Spring Data JPA repositories in DEFAULT mode.
2024-07-04T21:55:40.938-03:00  INFO 7900 --- [library-api] [main] .s.d.r.c.RepositoryConfigurationDelegate : Finished Spring Data repository scanning in 113 ms. Found 2 JPA repository interfaces.
2024-07-04T21:55:42.573-03:00  INFO 7900 --- [library-api] [main] o.s.b.w.embedded.tomcat.TomcatWebServer  : Tomcat initialized with port 8080 (http)
2024-07-04T21:55:42.597-03:00  INFO 7900 --- [library-api] [main] o.apache.catalina.core.StandardService   : Starting service [Tomcat]
2024-07-04T21:55:42.598-03:00  INFO 7900 --- [library-api] [main] o.apache.catalina.core.StandardEngine    : Starting Servlet engine: [Apache Tomcat/10.1.25]
2024-07-04T21:55:42.737-03:00  INFO 7900 --- [library-api] [main] o.a.c.c.C.[Tomcat].[localhost].[/]       : Initializing Spring embedded WebApplicationContext
2024-07-04T21:55:42.737-03:00  INFO 7900 --- [library-api] [main] w.s.c.ServletWebServerApplicationContext : Root WebApplicationContext: initialization completed in 4491 ms
2024-07-04T21:55:43.471-03:00  INFO 7900 --- [library-api] [main] com.zaxxer.hikari.HikariDataSource       : HikariPool-1 - Starting...
2024-07-04T21:55:43.827-03:00  INFO 7900 --- [library-api] [main] com.zaxxer.hikari.pool.HikariPool        : HikariPool-1 - Added connection conn0: url=jdbc:h2:mem:3dd83f70-a30c-4b7b-a729-9496f5f030bc user=SA
2024-07-04T21:55:43.831-03:00  INFO 7900 --- [library-api] [main] com.zaxxer.hikari.HikariDataSource       : HikariPool-1 - Start completed.
2024-07-04T21:55:43.918-03:00  INFO 7900 --- [library-api] [main] o.hibernate.jpa.internal.util.LogHelper  : HHH000204: Processing PersistenceUnitInfo [name: default]
2024-07-04T21:55:44.025-03:00  INFO 7900 --- [library-api] [main] org.hibernate.Version                    : HHH000412: Hibernate ORM core version 6.5.2.Final
2024-07-04T21:55:44.142-03:00  INFO 7900 --- [library-api] [main] o.h.c.internal.RegionFactoryInitiator    : HHH000026: Second-level cache disabled
2024-07-04T21:55:44.700-03:00  INFO 7900 --- [library-api] [main] o.s.o.j.p.SpringPersistenceUnitInfo      : No LoadTimeWeaver setup: ignoring JPA class transformer
2024-07-04T21:55:46.932-03:00  INFO 7900 --- [library-api] [main] o.h.e.t.j.p.i.JtaPlatformInitiator       : HHH000489: No JTA platform available (set 'hibernate.transaction.jta.platform' to enable JTA platform integration)
2024-07-04T21:55:47.038-03:00  INFO 7900 --- [library-api] [main] j.LocalContainerEntityManagerFactoryBean : Initialized JPA EntityManagerFactory for persistence unit 'default'
2024-07-04T21:55:47.952-03:00  INFO 7900 --- [library-api] [main] o.s.d.j.r.query.QueryEnhancerFactory     : Hibernate is in classpath; If applicable, HQL parser will be used.
2024-07-04T21:55:49.953-03:00  WARN 7900 --- [library-api] [main] JpaBaseConfiguration$JpaWebConfiguration : spring.jpa.open-in-view is enabled by default. Therefore, database queries may be performed during view rendering. Explicitly configure spring.jpa.open-in-view to disable this warning
2024-07-04T21:55:52.600-03:00  INFO 7900 --- [library-api] [main] o.s.b.a.e.web.EndpointLinksResolver      : Exposing 15 endpoints beneath base path '/actuator'
2024-07-04T21:55:52.847-03:00  INFO 7900 --- [library-api] [main] o.s.b.w.embedded.tomcat.TomcatWebServer  : Tomcat started on port 8080 (http) with context path '/'
2024-07-04T21:55:52.888-03:00  INFO 7900 --- [library-api] [main] o.a.libraryapi.LibraryApiApplication     : Started LibraryApiApplication in 15.804 seconds (process running for 17.553)
2024-07-04T21:55:53.786-03:00  INFO 7900 --- [library-api] [registrationTask1] d.c.b.a.c.r.ApplicationRegistrator       : Application registered itself as 801e202ad4be
2024-07-04T21:55:53.926-03:00  INFO 7900 --- [library-api] [http-nio-8080-exec-1] o.a.c.c.C.[Tomcat].[localhost].[/]       : Initializing Spring DispatcherServlet 'dispatcherServlet'
2024-07-04T21:55:53.927-03:00  INFO 7900 --- [library-api] [http-nio-8080-exec-1] o.s.web.servlet.DispatcherServlet        : Initializing Servlet 'dispatcherServlet'
2024-07-04T21:55:53.931-03:00  INFO 7900 --- [library-api] [http-nio-8080-exec-1] o.s.web.servlet.DispatcherServlet        : Completed initialization in 2 ms
2024-07-04T22:00:53.146-03:00  WARN 7900 --- [library-api] [registrationTask1] d.c.b.a.c.r.ApplicationRegistrator       : Failed to register application as Application(name=library-api, managementUrl=http://giovani:8080/actuator, healthUrl=http://giovani:8080/actuator/health, serviceUrl=http://giovani:8080/) at spring-boot-admin ([http://localhost:8081//instances]): I/O error on POST request for "http://localhost:8081/instances": Connection refused: getsockopt. Further attempts are logged on DEBUG level
2024-07-04T22:01:07.689-03:00  INFO 7900 --- [library-api] [SpringApplicationShutdownHook] j.LocalContainerEntityManagerFactoryBean : Closing JPA EntityManagerFactory for persistence unit 'default'
2024-07-04T22:01:07.709-03:00  INFO 7900 --- [library-api] [SpringApplicationShutdownHook] com.zaxxer.hikari.HikariDataSource       : HikariPool-1 - Shutdown initiated...
2024-07-04T22:01:07.715-03:00  INFO 7900 --- [library-api] [SpringApplicationShutdownHook] com.zaxxer.hikari.HikariDataSource       : HikariPool-1 - Shutdown completed.
